START RequestId: 9fa7623c-6acc-49d2-b567-5c71afd98026 Version: $LATEST
__  ____  __  _____   ___  __ ____  ______ 
 --/ __ \/ / / / _ | / _ \/ //_/ / / / __/ 
 -/ /_/ / /_/ / __ |/ , _/ ,< / /_/ /\ \   
--\___\_\____/_/ |_/_/|_/_/|_|\____/___/   
2024-04-20 15:28:59,785 INFO  [io.quarkus] (main) bedrock-gateway-api 1.0-SNAPSHOT on JVM (powered by Quarkus 3.7.4) started in 0.787s. 
2024-04-20 15:28:59,786 INFO  [io.quarkus] (main) Profile prod activated. 
2024-04-20 15:28:59,786 INFO  [io.quarkus] (main) Installed features: [amazon-lambda, cdi, resteasy, resteasy-jsonb, resteasy-multipart, security, smallrye-context-propagation, vertx]
END RequestId: ddda0433-4cd7-4162-bf18-3f336659a672
REPORT RequestId: ddda0433-4cd7-4162-bf18-3f336659a672	Init Duration: 0.02 ms	Duration: 3543.53 ms	Billed Duration: 3544 ms	Memory Size: 512 MB	Max Memory Used: 512 MB	

START RequestId: 52998405-dac2-4071-bf64-d61a8d12f5c0 Version: $LATEST
__  ____  __  _____   ___  __ ____  ______ 
 --/ __ \/ / / / _ | / _ \/ //_/ / / / __/ 
 -/ /_/ / /_/ / __ |/ , _/ ,< / /_/ /\ \   
--\___\_\____/_/ |_/_/|_/_/|_|\____/___/   
2024-04-20 15:29:04,178 INFO  [io.quarkus] (main) bedrock-gateway-api 1.0-SNAPSHOT on JVM (powered by Quarkus 3.7.4) started in 0.776s. 
2024-04-20 15:29:04,179 INFO  [io.quarkus] (main) Profile prod activated. 
2024-04-20 15:29:04,179 INFO  [io.quarkus] (main) Installed features: [amazon-lambda, cdi, resteasy, resteasy-jsonb, resteasy-multipart, security, smallrye-context-propagation, vertx]
END RequestId: e150f398-be7e-4bf8-a7e7-61fdde28d240
REPORT RequestId: e150f398-be7e-4bf8-a7e7-61fdde28d240	Init Duration: 0.03 ms	Duration: 3210.74 ms	Billed Duration: 3211 ms	Memory Size: 512 MB	Max Memory Used: 512 MB	

START RequestId: 8c023f68-241d-41cf-bfa4-6961cae89df3 Version: $LATEST
__  ____  __  _____   ___  __ ____  ______ 
 --/ __ \/ / / / _ | / _ \/ //_/ / / / __/ 
 -/ /_/ / /_/ / __ |/ , _/ ,< / /_/ /\ \   
--\___\_\____/_/ |_/_/|_/_/|_|\____/___/   
2024-04-20 15:29:08,161 INFO  [io.quarkus] (main) bedrock-gateway-api 1.0-SNAPSHOT on JVM (powered by Quarkus 3.7.4) started in 0.801s. 
2024-04-20 15:29:08,162 INFO  [io.quarkus] (main) Profile prod activated. 
2024-04-20 15:29:08,162 INFO  [io.quarkus] (main) Installed features: [amazon-lambda, cdi, resteasy, resteasy-jsonb, resteasy-multipart, security, smallrye-context-propagation, vertx]
END RequestId: 4693ef9e-ebe2-4242-b551-7b5100a566ee
REPORT RequestId: 4693ef9e-ebe2-4242-b551-7b5100a566ee	Init Duration: 0.03 ms	Duration: 2412.40 ms	Billed Duration: 2413 ms	Memory Size: 512 MB	Max Memory Used: 512 MB	

START RequestId: da03fe67-40bb-4a49-b648-39e98ea04921 Version: $LATEST
__  ____  __  _____   ___  __ ____  ______ 
 --/ __ \/ / / / _ | / _ \/ //_/ / / / __/ 
 -/ /_/ / /_/ / __ |/ , _/ ,< / /_/ /\ \   
--\___\_\____/_/ |_/_/|_/_/|_|\____/___/   
2024-04-20 15:29:11,340 INFO  [io.quarkus] (main) bedrock-gateway-api 1.0-SNAPSHOT on JVM (powered by Quarkus 3.7.4) started in 0.777s. 
2024-04-20 15:29:11,341 INFO  [io.quarkus] (main) Profile prod activated. 
2024-04-20 15:29:11,341 INFO  [io.quarkus] (main) Installed features: [amazon-lambda, cdi, resteasy, resteasy-jsonb, resteasy-multipart, security, smallrye-context-propagation, vertx]
END RequestId: 6488eee2-2b4b-4730-8e2e-104ea885e379
REPORT RequestId: 6488eee2-2b4b-4730-8e2e-104ea885e379	Init Duration: 0.02 ms	Duration: 3041.78 ms	Billed Duration: 3042 ms	Memory Size: 512 MB	Max Memory Used: 512 MB	

START RequestId: 9db22395-fbf4-4eff-b97e-9ba689881ee5 Version: $LATEST
__  ____  __  _____   ___  __ ____  ______ 
 --/ __ \/ / / / _ | / _ \/ //_/ / / / __/ 
 -/ /_/ / /_/ / __ |/ , _/ ,< / /_/ /\ \   
--\___\_\____/_/ |_/_/|_/_/|_|\____/___/   
2024-04-20 15:38:05,070 INFO  [io.quarkus] (main) bedrock-gateway-api 1.0-SNAPSHOT on JVM (powered by Quarkus 3.7.4) started in 0.818s. 
2024-04-20 15:38:05,071 INFO  [io.quarkus] (main) Profile prod activated. 
2024-04-20 15:38:05,071 INFO  [io.quarkus] (main) Installed features: [amazon-lambda, cdi, resteasy, resteasy-jsonb, resteasy-multipart, security, smallrye-context-propagation, vertx]
END RequestId: 48ac7b0f-7197-4157-8389-f8e1be2109d6
REPORT RequestId: 48ac7b0f-7197-4157-8389-f8e1be2109d6	Init Duration: 0.02 ms	Duration: 2874.66 ms	Billed Duration: 2875 ms	Memory Size: 512 MB	Max Memory Used: 512 MB	

START RequestId: 16866beb-d80d-4ef5-bfb0-023ec313c2d1 Version: $LATEST
__  ____  __  _____   ___  __ ____  ______ 
 --/ __ \/ / / / _ | / _ \/ //_/ / / / __/ 
 -/ /_/ / /_/ / __ |/ , _/ ,< / /_/ /\ \   
--\___\_\____/_/ |_/_/|_/_/|_|\____/___/   
2024-04-20 15:38:31,787 INFO  [io.quarkus] (main) bedrock-gateway-api 1.0-SNAPSHOT on JVM (powered by Quarkus 3.7.4) started in 0.806s. 
2024-04-20 15:38:31,788 INFO  [io.quarkus] (main) Profile prod activated. 
2024-04-20 15:38:31,788 INFO  [io.quarkus] (main) Installed features: [amazon-lambda, cdi, resteasy, resteasy-jsonb, resteasy-multipart, security, smallrye-context-propagation, vertx]
END RequestId: 75c52a2e-0cb5-4111-85e2-7193c2c77fda
REPORT RequestId: 75c52a2e-0cb5-4111-85e2-7193c2c77fda	Init Duration: 0.02 ms	Duration: 5307.59 ms	Billed Duration: 5308 ms	Memory Size: 512 MB	Max Memory Used: 512 MB	

